starting build

**********************************************************************

Test build
build project using make

**********************************************************************
Trying to clean project using make clean
make clean
rm -f mysh
Trying to build project using make
make
gcc -O -Wall -o mysh mysh.c


test build PASSED
 (build project using make)

starting basic

**********************************************************************

Test basic
run a single command with no arguments

**********************************************************************
/tmp/tmpAa747R/p/./mysh /u/c/s/cs537-1/ta/tests/2a/basic/in


test basic PASSED
 (run a single command with no arguments)

starting blank

**********************************************************************

Test blank
an empty batch file

**********************************************************************
/tmp/tmpAa747R/p/./mysh /u/c/s/cs537-1/ta/tests/2a/blank/in


test blank PASSED
 (an empty batch file)

starting parseargs

**********************************************************************

Test parseargs
a command with an argument

**********************************************************************
/tmp/tmpAa747R/p/./mysh /u/c/s/cs537-1/ta/tests/2a/parseargs/in


test parseargs PASSED
 (a command with an argument)

starting parseargs2

**********************************************************************

Test parseargs2
a command with many arguments

**********************************************************************
/tmp/tmpAa747R/p/./mysh /u/c/s/cs537-1/ta/tests/2a/parseargs2/in


test parseargs2 PASSED
 (a command with many arguments)

starting exit

**********************************************************************

Test exit
the builtin exit command

**********************************************************************
/tmp/tmpAa747R/p/./mysh /u/c/s/cs537-1/ta/tests/2a/exit/in


test exit PASSED
 (the builtin exit command)

starting whitespace

**********************************************************************

Test whitespace
serveral commands with extra whitespace

**********************************************************************
/tmp/tmpAa747R/p/./mysh /u/c/s/cs537-1/ta/tests/2a/whitespace/in


test whitespace PASSED
 (serveral commands with extra whitespace)

starting args

**********************************************************************

Test args
too many arguments to mysh

**********************************************************************
/tmp/tmpAa747R/p/./mysh /u/c/s/cs537-1/ta/tests/2a/args/in /bogus


test args PASSED
 (too many arguments to mysh)

starting args2

**********************************************************************

Test args2
invalid batch file path

**********************************************************************
/tmp/tmpAa747R/p/./mysh /bogus


test args2 PASSED
 (invalid batch file path)

starting longline

**********************************************************************

Test longline
maximum length line

**********************************************************************
/tmp/tmpAa747R/p/./mysh /u/c/s/cs537-1/ta/tests/2a/longline/in


test longline PASSED
 (maximum length line)

starting toolong

**********************************************************************

Test toolong
a line that is too long

**********************************************************************
/tmp/tmpAa747R/p/./mysh /u/c/s/cs537-1/ta/tests/2a/toolong/in
Failure: ./mysh gave incorrect standard output.
Expected: "echo 000011111111112222222222333333333344444444445555555555666666666677777777778888888888999999999900000000001111111111222222222233333333334444444444555555555566666666667777777777888888888899999999990000000000111111111122222222223333333333444444444455555555556666666666777777777788888888889999999999000000000011111111112222222222333333333344444444445555555555666666666677777777778888888888999999999900000000001111111111222222222233333333334444444444555555555566666666667777777777888888888899999999990000000000051\nuname\nLinux\n"
Got:      "echo 00001111111111222222222233333333334444444444555555555566666666667777777777888888888899999999990000000000111111111122222222223333333333444444444455555555556666666666777777777788888888889999999999000000000011111111112222222222333333333344444444445555555555666666666677777777778888888888999999999900000000001111111111222222222233333333334444444444555555555566666666667777777777888888888899999999990000000000111111111122222222223333333333444444444455555555556666666666777777777788888888889999999999000000000005130000111111111122222222223333333333444444444455555555556666666666777777777788888888889999999999000000000011111111112222222222333333333344444444445555555555666666666677777777778888888888999999999900000000001111111111222222222233333333334444444444555555555566666666667777777777888888888899999999990000000000111111111122222222223333333333444444444455555555556666666666777777777788888888889999999999000000000011111111112222222222333333333344444444445555555555666666666677777777778888888888999999999900000000000513\nuname\nLinux\n"


test toolong FAILED
 (a line that is too long)
 ./mysh gave incorrect standard output.

starting badprog

**********************************************************************

Test badprog
bad executable path as command

**********************************************************************
/tmp/tmpAa747R/p/./mysh /u/c/s/cs537-1/ta/tests/2a/badprog/in


test badprog PASSED
 (bad executable path as command)

starting errout

**********************************************************************

Test errout
a called program produces error output, but no errors from the shell itself

**********************************************************************
/tmp/tmpAa747R/p/./mysh /u/c/s/cs537-1/ta/tests/2a/errout/in


test errout PASSED
 (a called program produces error output, but no errors from the shell itself)

starting badexit

**********************************************************************

Test badexit
invalid arguments to exit

**********************************************************************
/tmp/tmpAa747R/p/./mysh /u/c/s/cs537-1/ta/tests/2a/badexit/in


test badexit PASSED
 (invalid arguments to exit)

starting basic_hist

**********************************************************************

Test basic_hist
access to an index older than last 20 entries

**********************************************************************
/tmp/tmpAa747R/p/./mysh /u/c/s/cs537-1/ta/tests/2a/basic_hist/in


test basic_hist PASSED
 (access to an index older than last 20 entries)

starting extraargs_exclaim

**********************************************************************

Test extraargs_exclaim
passing extra args to !

**********************************************************************
/tmp/tmpAa747R/p/./mysh /u/c/s/cs537-1/ta/tests/2a/extraargs_exclaim/in


test extraargs_exclaim PASSED
 (passing extra args to !)

starting extraargs_hist

**********************************************************************

Test extraargs_hist
passing extra args to history

**********************************************************************
/tmp/tmpAa747R/p/./mysh /u/c/s/cs537-1/ta/tests/2a/extraargs_hist/in


test extraargs_hist PASSED
 (passing extra args to history)

starting hist1

**********************************************************************

Test hist1
check if the first command in history can be executed using !, if !1 is the 21st command

**********************************************************************
/tmp/tmpAa747R/p/./mysh /u/c/s/cs537-1/ta/tests/2a/hist1/in
Failure: ./mysh gave incorrect standard output.
Expected: "echo runs\nruns\necho runs1\nruns1\necho runs2\nruns2\necho runs3\nruns3\necho runs4\nruns4\necho runs5\nruns5\necho runs6\nruns6\necho runs7\nruns7\necho runs8\nruns8\necho runs9\nruns9\necho runs10\nruns10\necho runs11\nruns11\necho runs12\nruns12\necho runs13\nruns13\necho runs14\nruns14\necho runs15\nruns15\necho runs16\nruns16\necho runs17\nruns17\necho runs18\nruns18\necho runs19\nruns19\n!1\nruns\n"
Got:      "echo runs\nruns\necho runs1\nruns1\necho runs2\nruns2\necho runs3\nruns3\necho runs4\nruns4\necho runs5\nruns5\necho runs6\nruns6\necho runs7\nruns7\necho runs8\nruns8\necho runs9\nruns9\necho runs10\nruns10\necho runs11\nruns11\necho runs12\nruns12\necho runs13\nruns13\necho runs14\nruns14\necho runs15\nruns15\necho runs16\nruns16\necho runs17\nruns17\necho runs18\nruns18\necho runs19\nruns19\n!1\n"


test hist1 FAILED
 (check if the first command in history can be executed using !, if !1 is the 21st command)
 ./mysh gave incorrect standard output.

starting hist2

**********************************************************************

Test hist2
display last 20 commands including history

**********************************************************************
/tmp/tmpAa747R/p/./mysh /u/c/s/cs537-1/ta/tests/2a/hist2/in
Failure: ./mysh gave incorrect standard output.
Expected: "echo runs\nruns\necho runs1\nruns1\necho runs2\nruns2\necho runs3\nruns3\necho runs4\nruns4\necho runs5\nruns5\necho runs6\nruns6\necho runs7\nruns7\necho runs8\nruns8\necho runs9\nruns9\necho runs10\nruns10\necho runs11\nruns11\necho runs12\nruns12\necho runs13\nruns13\necho runs14\nruns14\necho runs15\nruns15\necho runs16\nruns16\necho runs17\nruns17\necho runs18\nruns18\necho runs19\nruns19\necho runs20\nruns20\necho runs21\nruns21\necho runs22\nruns22\necho runs23\nruns23\nhistory\n6 echo runs5\n7 echo runs6\n8 echo runs7\n9 echo runs8\n10 echo runs9\n11 echo runs10\n12 echo runs11\n13 echo runs12\n14 echo runs13\n15 echo runs14\n16 echo runs15\n17 echo runs16\n18 echo runs17\n19 echo runs18\n20 echo runs19\n21 echo runs20\n22 echo runs21\n23 echo runs22\n24 echo runs23\n25 history\n"
Got:      "echo runs\nruns\necho runs1\nruns1\necho runs2\nruns2\necho runs3\nruns3\necho runs4\nruns4\necho runs5\nruns5\necho runs6\nruns6\necho runs7\nruns7\necho runs8\nruns8\necho runs9\nruns9\necho runs10\nruns10\necho runs11\nruns11\necho runs12\nruns12\necho runs13\nruns13\necho runs14\nruns14\necho runs15\nruns15\necho runs16\nruns16\necho runs17\nruns17\necho runs18\nruns18\necho runs19\nruns19\necho runs20\nruns20\necho runs21\nruns21\necho runs22\nruns22\necho runs23\nruns23\nhistory\n"


test hist2 FAILED
 (display last 20 commands including history)
 ./mysh gave incorrect standard output.

starting hist3

**********************************************************************

Test hist3
invalid index in !

**********************************************************************
/tmp/tmpAa747R/p/./mysh /u/c/s/cs537-1/ta/tests/2a/hist3/in


test hist3 PASSED
 (invalid index in !)

starting invalid_arg

**********************************************************************

Test invalid_arg
invalid arg to ls

**********************************************************************
/tmp/tmpAa747R/p/./mysh /u/c/s/cs537-1/ta/tests/2a/invalid_arg/in


test invalid_arg PASSED
 (invalid arg to ls)

starting randin

**********************************************************************

Test randin
random input xyz

**********************************************************************
/tmp/tmpAa747R/p/./mysh /u/c/s/cs537-1/ta/tests/2a/randin/in


test randin PASSED
 (random input xyz)

starting redir_hist

**********************************************************************

Test redir_hist
to check if the redirection in a history command is taken care of

**********************************************************************
/tmp/tmpAa747R/p/./mysh /u/c/s/cs537-1/ta/tests/2a/redir_hist/in
Failure: ./mysh gave incorrect standard output.
Expected: "/bin/ls /u/ > 1.txt\n!1\ncat 1.txt\n_\na\nb\nc\nd\ne\nf\ng\nh\ni\nj\nk\nl\nm\nn\no\np\nq\nr\ns\nt\nu\nv\nw\nx\ny\nz\n"
Got:      "/bin/ls /u/ > 1.txt\n"


test redir_hist FAILED
 (to check if the redirection in a history command is taken care of)
 ./mysh gave incorrect standard output.

starting valid_hist

**********************************************************************

Test valid_hist
to check if the commands entered in history have correct syntax

**********************************************************************
/tmp/tmpAa747R/p/./mysh /u/c/s/cs537-1/ta/tests/2a/valid_hist/in
Failure: ./mysh gave incorrect standard output.
Expected: "echo check hist data\ncheck hist data\nls > 1.txt 2.txt\nhistory\n1 echo check hist data\n2 history\n"
Got:      "echo check hist data\ncheck hist data\nls > 1.txt 2.txt\nhistory\n"


test valid_hist FAILED
 (to check if the commands entered in history have correct syntax)
 ./mysh gave incorrect standard output.

starting wrong_redir

**********************************************************************

Test wrong_redir
to check if there is a wrong use of redirection mkdir > 1.txt

**********************************************************************
/tmp/tmpAa747R/p/./mysh /u/c/s/cs537-1/ta/tests/2a/wrong_redir/in


test wrong_redir PASSED
 (to check if there is a wrong use of redirection mkdir > 1.txt)

starting redirect

**********************************************************************

Test redirect
simple redirection using >

**********************************************************************
/tmp/tmpAa747R/p/./mysh /u/c/s/cs537-1/ta/tests/2a/redirect/in


test redirect PASSED
 (simple redirection using >)

starting redirect2

**********************************************************************

Test redirect2
redirection and mutiple arguments

**********************************************************************
/tmp/tmpAa747R/p/./mysh /u/c/s/cs537-1/ta/tests/2a/redirect2/in


test redirect2 PASSED
 (redirection and mutiple arguments)

starting badredir

**********************************************************************

Test badredir
redirect to invalid path

**********************************************************************
/tmp/tmpAa747R/p/./mysh /u/c/s/cs537-1/ta/tests/2a/badredir/in


test badredir PASSED
 (redirect to invalid path)

starting badredir2

**********************************************************************

Test badredir2
redirect to multiple paths

**********************************************************************
/tmp/tmpAa747R/p/./mysh /u/c/s/cs537-1/ta/tests/2a/badredir2/in


test badredir2 PASSED
 (redirect to multiple paths)

starting interactive

**********************************************************************

Test interactive
simple command in interactive mode

**********************************************************************
Running mysh with 1 command: see /u/c/s/cs537-1/ta/tests/2a/interactive/in

/tmp/tmpAa747R/p/./mysh


test interactive PASSED
 (simple command in interactive mode)

starting interactive2

**********************************************************************

Test interactive2
series of commands in interactive mode

**********************************************************************
Running mysh with several commands: see /u/c/s/cs537-1/ta/tests/2a/interactive2/in

/tmp/tmpAa747R/p/./mysh
Failure: ./mysh gave incorrect standard output.
Expected: "mysh # mysh # mysh # mysh # 14\nmysh # 18,21,24,27,30\nmysh # "
Got:      "mysh # "


test interactive2 FAILED
 (series of commands in interactive mode)
 ./mysh gave incorrect standard output.

**********************************************************************
Summary:
test build PASSED
 (build project using make)

test basic PASSED
 (run a single command with no arguments)

test blank PASSED
 (an empty batch file)

test parseargs PASSED
 (a command with an argument)

test parseargs2 PASSED
 (a command with many arguments)

test exit PASSED
 (the builtin exit command)

test whitespace PASSED
 (serveral commands with extra whitespace)

test args PASSED
 (too many arguments to mysh)

test args2 PASSED
 (invalid batch file path)

test longline PASSED
 (maximum length line)

test toolong FAILED
 (a line that is too long)
 ./mysh gave incorrect standard output.

test badprog PASSED
 (bad executable path as command)

test errout PASSED
 (a called program produces error output, but no errors from the shell itself)

test badexit PASSED
 (invalid arguments to exit)

test basic_hist PASSED
 (access to an index older than last 20 entries)

test extraargs_exclaim PASSED
 (passing extra args to !)

test extraargs_hist PASSED
 (passing extra args to history)

test hist1 FAILED
 (check if the first command in history can be executed using !, if !1 is the 21st command)
 ./mysh gave incorrect standard output.

test hist2 FAILED
 (display last 20 commands including history)
 ./mysh gave incorrect standard output.

test hist3 PASSED
 (invalid index in !)

test invalid_arg PASSED
 (invalid arg to ls)

test randin PASSED
 (random input xyz)

test redir_hist FAILED
 (to check if the redirection in a history command is taken care of)
 ./mysh gave incorrect standard output.

test valid_hist FAILED
 (to check if the commands entered in history have correct syntax)
 ./mysh gave incorrect standard output.

test wrong_redir PASSED
 (to check if there is a wrong use of redirection mkdir > 1.txt)

test redirect PASSED
 (simple redirection using >)

test redirect2 PASSED
 (redirection and mutiple arguments)

test badredir PASSED
 (redirect to invalid path)

test badredir2 PASSED
 (redirect to multiple paths)

test interactive PASSED
 (simple command in interactive mode)

test interactive2 FAILED
 (series of commands in interactive mode)
 ./mysh gave incorrect standard output.

Passed 25 of 31 tests.
Overall 25 of 31
