starting build

**********************************************************************

Test build
build xv6 using make

**********************************************************************
Trying to clean project using make clean
make clean
make: *** No rule to make target `clean'.  Stop.
Trying to build project using make
make
make: *** No targets specified and no makefile found.  Stop.


test build FAILED
 (build xv6 using make)
 make failed (error 2)
 required file 'xv6.img' does not exist after make
 required file 'fs.img' does not exist after make

starting basic

**********************************************************************

Test basic
call getsyscallnumtotal() and getsyscallnumsuccess() from a user program

**********************************************************************
Running xv6 user progam /u/c/s/cs537-1/ta/tests/1b/basic.c
IOError: [Errno 2] No such file or directory: '/tmp/tmpsEaKTc/p/user/tester.c'


test basic FAILED
 (call getsyscallnumtotal() and getsyscallnumsuccess() from a user program)
 Unexpected exception [Errno 2] No such file or directory: '/tmp/tmpsEaKTc/p/user/tester.c'

starting getsyscallnumtotal

**********************************************************************

Test getsyscallnumtotal
repeated calls of getsyscallnumtotal()

**********************************************************************
Running xv6 user progam /u/c/s/cs537-1/ta/tests/1b/getsyscallnumtotal.c
IOError: [Errno 2] No such file or directory: '/tmp/tmpsEaKTc/p/user/tester.c'


test getsyscallnumtotal FAILED
 (repeated calls of getsyscallnumtotal())
 Unexpected exception [Errno 2] No such file or directory: '/tmp/tmpsEaKTc/p/user/tester.c'

starting getsyscallnumsuccess

**********************************************************************

Test getsyscallnumsuccess
repeated calls of getsyscallnumsuccess()

**********************************************************************
Running xv6 user progam /u/c/s/cs537-1/ta/tests/1b/getsyscallnumsuccess.c
IOError: [Errno 2] No such file or directory: '/tmp/tmpsEaKTc/p/user/tester.c'


test getsyscallnumsuccess FAILED
 (repeated calls of getsyscallnumsuccess())
 Unexpected exception [Errno 2] No such file or directory: '/tmp/tmpsEaKTc/p/user/tester.c'

starting many_getsyscallnumtotal

**********************************************************************

Test many_getsyscallnumtotal
count calls to many different syscalls

**********************************************************************
Running xv6 user progam /u/c/s/cs537-1/ta/tests/1b/many_getsyscallnumtotal.c
IOError: [Errno 2] No such file or directory: '/tmp/tmpsEaKTc/p/user/tester.c'


test many_getsyscallnumtotal FAILED
 (count calls to many different syscalls)
 Unexpected exception [Errno 2] No such file or directory: '/tmp/tmpsEaKTc/p/user/tester.c'

starting many_getsyscallnumsuccess

**********************************************************************

Test many_getsyscallnumsuccess
count calls to many different syscalls, both successful and unsuccessful

**********************************************************************
Running xv6 user progam /u/c/s/cs537-1/ta/tests/1b/many_getsyscallnumsuccess.c
IOError: [Errno 2] No such file or directory: '/tmp/tmpsEaKTc/p/user/tester.c'


test many_getsyscallnumsuccess FAILED
 (count calls to many different syscalls, both successful and unsuccessful)
 Unexpected exception [Errno 2] No such file or directory: '/tmp/tmpsEaKTc/p/user/tester.c'

**********************************************************************
Summary:
test build FAILED
 (build xv6 using make)
 make failed (error 2)
 required file 'xv6.img' does not exist after make
 required file 'fs.img' does not exist after make

test basic FAILED
 (call getsyscallnumtotal() and getsyscallnumsuccess() from a user program)
 Unexpected exception [Errno 2] No such file or directory: '/tmp/tmpsEaKTc/p/user/tester.c'

test getsyscallnumtotal FAILED
 (repeated calls of getsyscallnumtotal())
 Unexpected exception [Errno 2] No such file or directory: '/tmp/tmpsEaKTc/p/user/tester.c'

test getsyscallnumsuccess FAILED
 (repeated calls of getsyscallnumsuccess())
 Unexpected exception [Errno 2] No such file or directory: '/tmp/tmpsEaKTc/p/user/tester.c'

test many_getsyscallnumtotal FAILED
 (count calls to many different syscalls)
 Unexpected exception [Errno 2] No such file or directory: '/tmp/tmpsEaKTc/p/user/tester.c'

test many_getsyscallnumsuccess FAILED
 (count calls to many different syscalls, both successful and unsuccessful)
 Unexpected exception [Errno 2] No such file or directory: '/tmp/tmpsEaKTc/p/user/tester.c'

Passed 0 of 6 tests.
Overall 0 of 6
